<?xml version="1.0" encoding="UTF-8"?>
<!-- Generated by org.testng.reporters.JUnitReportReporter -->
<testsuite hostname="LAPTOP-PEULBGIK" failures="0" tests="1" name="com.TestCases.FramePage_Test" time="35.205" errors="0" timestamp="2022-08-18T14:39:32 IST" skipped="0">
  <testcase classname="com.TestCases.FramePage_Test" name="FramePage_Test2" time="35.205"/>
  <system-out/>
</testsuite> <!-- com.TestCases.FramePage_Test -->
