<?xml version="1.0" encoding="UTF-8"?>
<!-- Generated by org.testng.reporters.JUnitReportReporter -->
<testsuite hostname="LAPTOP-PEULBGIK" failures="0" tests="2" name="com.TestCases.DatepickerPage_Test" time="154.443" errors="0" timestamp="2022-08-18T14:39:32 IST" skipped="0">
  <testcase classname="com.TestCases.DatepickerPage_Test" name="DatepickerPage_Test1" time="64.348"/>
  <system-out/>
  <testcase classname="com.TestCases.DatepickerPage_Test" name="DatepickerPage_Test2" time="90.095"/>
  <system-out/>
</testsuite> <!-- com.TestCases.DatepickerPage_Test -->
