<?xml version="1.0" encoding="UTF-8"?>
<!-- Generated by org.testng.reporters.JUnitReportReporter -->
<testsuite hostname="LAPTOP-PEULBGIK" failures="0" tests="3" name="com.TestCases.WindowPage_Test" time="160.868" errors="0" timestamp="2022-08-18T14:39:32 IST" skipped="0">
  <testcase classname="com.TestCases.WindowPage_Test" name="WindowPage_Test1" time="59.269"/>
  <system-out/>
  <testcase classname="com.TestCases.WindowPage_Test" name="WindowPage_Test2" time="34.210"/>
  <system-out/>
  <testcase classname="com.TestCases.WindowPage_Test" name="WindowPage_Test3" time="67.389"/>
  <system-out/>
</testsuite> <!-- com.TestCases.WindowPage_Test -->
