<?xml version="1.0" encoding="UTF-8"?>
<!-- Generated by org.testng.reporters.JUnitReportReporter -->
<testsuite hostname="LAPTOP-PEULBGIK" failures="0" tests="3" name="com.TestCases.AlertPage_Test" time="177.198" errors="0" timestamp="2022-08-18T14:39:32 IST" skipped="0">
  <testcase classname="com.TestCases.AlertPage_Test" name="AlertTest_1" time="34.613"/>
  <system-out/>
  <testcase classname="com.TestCases.AlertPage_Test" name="AlertTest_2" time="92.091"/>
  <system-out/>
  <testcase classname="com.TestCases.AlertPage_Test" name="AlertTest_3" time="50.494"/>
  <system-out/>
</testsuite> <!-- com.TestCases.AlertPage_Test -->
