<?xml version="1.0" encoding="UTF-8"?>
<!-- Generated by org.testng.reporters.JUnitReportReporter -->
<testsuite hostname="LAPTOP-PEULBGIK" failures="0" tests="2" name="com.TestCases.RegisterPage_Test" time="68.317" errors="0" timestamp="2022-08-18T14:39:32 IST" skipped="0">
  <testcase classname="com.TestCases.RegisterPage_Test" name="RegisterPage_Test1" time="19.731"/>
  <system-out/>
  <testcase classname="com.TestCases.RegisterPage_Test" name="RegisterPage_Test2" time="48.586"/>
  <system-out/>
</testsuite> <!-- com.TestCases.RegisterPage_Test -->
